2023-06-27 01:36:42.940 [main] INFO  AdminController - 管理员:admin登陆了
2023-06-27 01:44:11.031 [main] INFO  AdminController - 管理员:admin登陆了
2023-06-27 01:45:58.804 [main] INFO  AdminController - 管理员:admin登陆了
2023-06-27 08:50:06.487 [main] INFO  AdminController - 管理员:admin登陆了
2023-06-27 08:50:09.877 [main] INFO  AdminController - 管理员:admin进入了书籍管理系统
2023-06-27 13:41:47.423 [main] INFO  BaseCustomerController - eee(1115)注册成为vip
2023-06-27 13:42:03.204 [main] INFO  VipController - eee(1115)登录
2023-06-27 19:39:46.773 [main] INFO  BaseCustomerController - jjj(1117)注册成为vip
2023-06-27 19:40:55.670 [main] INFO  VipController - jjj(1117)登录
2023-06-27 19:41:10.905 [main] INFO  BookDaoImpl - java入职宝典(b0003)卖出了1本
2023-06-27 19:41:10.906 [main] INFO  BookDaoImpl - java从入门到入土(b0001)卖出了1本
2023-06-27 19:41:10.907 [main] INFO  VipDaoImpl - jjj(1117)的账号信息发生改变,余额:0.0元,积分203
2023-06-27 19:41:38.350 [main] INFO  VipController - aaa(1111)登录
2023-06-27 19:41:55.811 [main] INFO  BookDaoImpl - java从入门到入土(b0001)卖出了1本
2023-06-27 19:41:55.819 [main] INFO  VipDaoImpl - aaa(1111)的账号信息发生改变,余额:-33.25元,积分3
2023-06-27 19:42:29.613 [main] INFO  VipDaoImpl - aaa(1111)的账号信息发生改变,余额:231.0元,积分0
2023-06-27 19:42:29.615 [main] INFO  VipController - aaa(1111)进行了充值
2023-06-27 19:42:55.258 [main] INFO  VipController - aaa(1111)兑换了一支铅笔
2023-06-27 19:42:55.263 [main] INFO  VipDaoImpl - aaa(1111)的账号信息发生改变,余额:0.0元,积分-10
2023-06-27 19:45:09.150 [main] INFO  VipController - aaa(1111)归还图书:java从入门到入土(b0001)
2023-06-27 19:45:24.294 [main] INFO  VipController - aaa(1111)支付了丢失的图书:java入职宝典(b0003)损失
2023-06-27 19:45:24.300 [main] INFO  VipDaoImpl - aaa(1111)的账号信息发生改变,余额:-2000.0元,积分0
2023-06-27 19:47:06.760 [main] INFO  VipController - aaa(1111)离开了
2023-06-27 19:47:13.955 [main] INFO  AdminController - 管理员:admin登陆了
2023-06-27 19:47:17.424 [main] INFO  AdminController - 管理员:admin进入了书籍管理系统
2023-06-27 19:48:00.207 [main] INFO  BookController - 管理员:admin添加书籍:q111(b0004)
2023-06-27 19:48:27.429 [main] INFO  BookController - 管理员:admin修改书籍:q111(b0004)
2023-06-27 19:49:13.940 [main] INFO  AdminController - 管理员:admin登陆了
2023-06-27 19:49:16.252 [main] INFO  AdminController - 管理员admin正在查看vip客户信息
2023-06-27 19:49:25.776 [main] INFO  AdminController - 管理员admin正在查看借阅信息
2023-06-27 19:49:40.317 [main] INFO  AdminController - 管理员:admin注销并离开了
2023-06-27 20:02:30.577 [main] INFO  AdminController - 管理员:admin登陆了
2023-06-27 20:02:32.855 [main] INFO  AdminController - 管理员:admin进入了书籍管理系统
2023-06-27 20:02:52.211 [main] INFO  BookController - 管理员:admin退出书籍管理系统
2023-06-27 20:02:52.832 [main] INFO  AdminController - 管理员:admin注销并离开了
2023-06-27 21:35:36.445 [main] INFO  AdminController - 管理员:admin登陆了
2023-06-27 21:35:39.388 [main] INFO  AdminController - 管理员:admin进入了书籍管理系统
2023-06-27 21:36:29.486 [main] INFO  BookController - 管理员:admin添加书籍:炒粉加鸡精(b0004)
2023-06-27 21:36:53.005 [main] INFO  BookController - 管理员:admin删除书籍:炒粉加鸡精(b0004)
